This is LuaTeX, Version 1.07.0 (MiKTeX 2.9.6730 64-bit)  (format=lualatex 2018.11.16)  1 DEC 2018 21:03
 restricted system commands enabled.
**btspeeches_manuscript.tex
(./btspeeches_manuscript.tex
LaTeX2e <2018-04-01> patch level 5
Lua module: luaotfload-main 2017/01/29 2.80001 OpenType layout system.
Lua module: lualibs 2017-02-01 2.5 ConTeXt Lua standard libraries.
Lua module: lualibs-extended 2017-02-01 2.5 ConTeXt Lua libraries -- extended co
llection.(using cache: C:/Users/Joseph Oertel/AppData/Local/MiKTeX/2.9/luatex-ca
che/generic)
luaotfload | conf : Root cache directory is C:/Users/Joseph Oertel/AppData/Local
/MiKTeX/2.9/luatex-cache/generic/names.
luaotfload | init : Loading fontloader “fontloader-2017-02-11.lua” from kpse
-resolved path “C:/Program Files/MiKTeX 2.9/tex/luatex/luaotfload/fontloader-2
017-02-11.lua”.
Lua-only attribute luaotfload@state = 1
Lua-only attribute luaotfload@noligature = 2
Lua-only attribute luaotfload@syllabe = 3
luaotfload | init : Context OpenType loader version “3.027”
Inserting `luaotfload.node_processor' at position 1 in `pre_linebreak_filter'.
Inserting `luaotfload.node_processor' at position 1 in `hpack_filter'.
Inserting `luaotfload.define_font' at position 1 in `define_font'.
Lua-only attribute luaotfload_color_attribute = 4
luaotfload | conf : Root cache directory is C:/Users/Joseph Oertel/AppData/Local
/MiKTeX/2.9/luatex-cache/generic/names.
Inserting `luaotfload.aux.set_sscale_dimens' at position 1 in `luaotfload.patch_
font'.
Inserting `luaotfload.aux.patch_cambria_domh' at position 2 in `luaotfload.patch
_font'.
Inserting `luaotfload.aux.fixup_fontdata' at position 1 in `luaotfload.patch_fon
t_unsafe'.
Inserting `luaotfload.aux.set_capheight' at position 3 in `luaotfload.patch_font
'.
Inserting `luaotfload.rewrite_fontname' at position 4 in `luaotfload.patch_font'
.
luaotfload | main : initialization completed in 0.393 seconds ("C:/Program File
s/MiKTeX 2.9/tex/latex/base/article.cls"
Document Class: article 2014/09/29 v1.4h Standard LaTeX document class
("C:/Program Files/MiKTeX 2.9/tex/latex/base/size12.clo"
File: size12.clo 2014/09/29 v1.4h Standard LaTeX file (size option)
luaotfload | db : Font names database loaded from C:/Users/Joseph Oertel/AppData
/Local/MiKTeX/2.9/luatex-cache/generic/names/luaotfload-names.luc(load luc: C:/U
sers/Joseph Oertel/AppData/Local/MiKTeX/2.9/luatex-cache/generic/fonts/otl/lmrom
an12-regular.luc))
\c@part=\count80
\c@section=\count81
\c@subsection=\count82
\c@subsubsection=\count83
\c@paragraph=\count84
\c@subparagraph=\count85
\c@figure=\count86
\c@table=\count87
\abovecaptionskip=\skip41
\belowcaptionskip=\skip42
\bibindent=\dimen102
) ("C:/Program Files/MiKTeX 2.9/tex/latex/amsmath/amsmath.sty"
Package: amsmath 2017/09/02 v2.17a AMS math features
\@mathmargin=\skip43

For additional information on amsmath, use the `?' option.
("C:/Program Files/MiKTeX 2.9/tex/latex/amsmath/amstext.sty"
Package: amstext 2000/06/29 v2.01 AMS text

("C:/Program Files/MiKTeX 2.9/tex/latex/amsmath/amsgen.sty"
File: amsgen.sty 1999/11/30 v2.0 generic functions
\@emptytoks=\toks14
\ex@=\dimen103
))
("C:/Program Files/MiKTeX 2.9/tex/latex/amsmath/amsbsy.sty"
Package: amsbsy 1999/11/29 v1.2d Bold Symbols
\pmbraise@=\dimen104
)
("C:/Program Files/MiKTeX 2.9/tex/latex/amsmath/amsopn.sty"
Package: amsopn 2016/03/08 v2.02 operator names
)
\inf@bad=\count88
LaTeX Info: Redefining \frac on input line 213.
\uproot@=\count89
\leftroot@=\count90
LaTeX Info: Redefining \overline on input line 375.
\classnum@=\count91
\DOTSCASE@=\count92
LaTeX Info: Redefining \ldots on input line 472.
LaTeX Info: Redefining \dots on input line 475.
LaTeX Info: Redefining \cdots on input line 596.
\Mathstrutbox@=\box26
\strutbox@=\box27
\big@size=\dimen105
LaTeX Font Info:    Redeclaring font encoding OML on input line 712.
LaTeX Font Info:    Redeclaring font encoding OMS on input line 713.
\macc@depth=\count93
\c@MaxMatrixCols=\count94
\dotsspace@=\muskip10
\c@parentequation=\count95
\dspbrk@lvl=\count96
\tag@help=\toks15
\row@=\count97
\column@=\count98
\maxfields@=\count99
\andhelp@=\toks16
\eqnshift@=\dimen106
\alignsep@=\dimen107
\tagshift@=\dimen108
\tagwidth@=\dimen109
\totwidth@=\dimen110
\lineht@=\dimen111
\@envbody=\toks17
\multlinegap=\skip44
\multlinetaggap=\skip45
\mathdisplay@stack=\toks18
LaTeX Info: Redefining \[ on input line 2817.
LaTeX Info: Redefining \] on input line 2818.
)
("C:/Program Files/MiKTeX 2.9/tex/latex/amsfonts/amssymb.sty"
Package: amssymb 2013/01/14 v3.01 AMS font symbols

("C:/Program Files/MiKTeX 2.9/tex/latex/amsfonts/amsfonts.sty"
Package: amsfonts 2013/01/14 v3.01 Basic AMSFonts support
\symAMSa=\mathgroup4
\symAMSb=\mathgroup5
LaTeX Font Info:    Overwriting math alphabet `\mathfrak' in version `bold'
(Font)                  U/euf/m/n --> U/euf/b/n on input line 106.
))
("C:/Program Files/MiKTeX 2.9/tex/latex/graphics/graphicx.sty"
Package: graphicx 2017/06/01 v1.1a Enhanced LaTeX Graphics (DPC,SPQR)

("C:/Program Files/MiKTeX 2.9/tex/latex/graphics/keyval.sty"
Package: keyval 2014/10/28 v1.15 key=value parser (DPC)
\KV@toks@=\toks19
)
("C:/Program Files/MiKTeX 2.9/tex/latex/graphics/graphics.sty"
Package: graphics 2017/06/25 v1.2c Standard LaTeX Graphics (DPC,SPQR)

("C:/Program Files/MiKTeX 2.9/tex/latex/graphics/trig.sty"
Package: trig 2016/01/03 v1.10 sin cos tan (DPC)
)
("C:/Program Files/MiKTeX 2.9/tex/latex/graphics-cfg/graphics.cfg"
File: graphics.cfg 2016/06/04 v1.11 sample graphics configuration
)
Package graphics Info: Driver file: luatex.def on input line 99.

("C:/Program Files/MiKTeX 2.9/tex/latex/graphics-def/luatex.def"
File: luatex.def 2018/01/08 v1.0l Graphics/color driver for luatex
))
\Gin@req@height=\dimen112
\Gin@req@width=\dimen113
)
("C:/Users/Joseph Oertel/AppData/Roaming/MiKTeX/2.9/tex/latex/caption/caption.s
ty"
Package: caption 2018/10/06 v3.3-154 Customizing captions (AR)

("C:/Users/Joseph Oertel/AppData/Roaming/MiKTeX/2.9/tex/latex/caption/caption3.
sty"
Package: caption3 2018/09/12 v1.8c caption3 kernel (AR)
Package caption3 Info: TeX engine: e-TeX on input line 64.
\captionmargin=\dimen114
\captionmargin@=\dimen115
\captionwidth=\dimen116
\caption@tempdima=\dimen117
\caption@indent=\dimen118
\caption@parindent=\dimen119
\caption@hangindent=\dimen120
)
\c@caption@flags=\count100
\c@ContinuedFloat=\count101
) ("C:/Program Files/MiKTeX 2.9/tex/latex/graphics/color.sty"
Package: color 2016/07/10 v1.1e Standard LaTeX Color (DPC)

("C:/Program Files/MiKTeX 2.9/tex/latex/graphics-cfg/color.cfg"
File: color.cfg 2016/01/02 v1.6 sample color configuration
)
Package color Info: Driver file: luatex.def on input line 147.
)
("C:/Program Files/MiKTeX 2.9/tex/latex/tools/dcolumn.sty"
Package: dcolumn 2014/10/28 v1.06 decimal alignment package (DPC)

("C:/Program Files/MiKTeX 2.9/tex/latex/tools/array.sty"
Package: array 2018/04/30 v2.4h Tabular extension package (FMi)
\col@sep=\dimen121
\ar@mcellbox=\box28
\extrarowheight=\dimen122
\NC@list=\toks20
\extratabsurround=\skip46
\backup@length=\skip47
\ar@cellbox=\box29
))
("C:/Program Files/MiKTeX 2.9/tex/latex/tools/bm.sty"
Package: bm 2017/01/16 v1.2c Bold Symbol Support (DPC/FMi)
\symboldoperators=\mathgroup6
\symboldletters=\mathgroup7
\symboldsymbols=\mathgroup8
LaTeX Font Info:    Redeclaring math alphabet \mathbf on input line 141.
LaTeX Info: Redefining \bm on input line 207.
)
("C:/Users/Joseph Oertel/AppData/Roaming/MiKTeX/2.9/tex/latex/apacite/apacite.s
ty"
Package: apacite 2013/07/21 v6.03 APA citation
\c@BibCnt=\count102
\bibleftmargin=\skip48
\bibindent=\skip49
\bibparsep=\skip50
\bibitemsep=\skip51
\biblabelsep=\skip52
) ("C:/Program Files/MiKTeX 2.9/tex/latex/natbib/natbib.sty"
Package: natbib 2010/09/13 8.31b (PWD, AO)
\bibhang=\skip53
\bibsep=\skip54
LaTeX Info: Redefining \cite on input line 694.
\c@NAT@ctr=\count103
)
LaTeX Info: Redefining \BBA on input line 22.

("C:/Program Files/MiKTeX 2.9/tex/latex/fontspec/fontspec.sty"
("C:/Users/Joseph Oertel/AppData/Roaming/MiKTeX/2.9/tex/latex/l3packages/xparse
/xparse.sty"
("C:/Users/Joseph Oertel/AppData/Roaming/MiKTeX/2.9/tex/latex/l3kernel/expl3.st
y"
Package: expl3 2018-10-31 L3 programming layer (loader) 

("C:/Users/Joseph Oertel/AppData/Roaming/MiKTeX/2.9/tex/latex/l3kernel/expl3-co
de.tex"
Package: expl3 2018-10-31 L3 programming layer (code)
\ucharcat@table=\catcodetable5
\c_max_int=\count104
\l_tmpa_int=\count105
\l_tmpb_int=\count106
\g_tmpa_int=\count107
\g_tmpb_int=\count108
\g__kernel_prg_map_int=\count109
\c_log_iow=\count110
\l_iow_line_count_int=\count111
\l__iow_line_target_int=\count112
\l__iow_one_indent_int=\count113
\l__iow_indent_int=\count114
\c_zero_dim=\dimen123
\c_max_dim=\dimen124
\l_tmpa_dim=\dimen125
\l_tmpb_dim=\dimen126
\g_tmpa_dim=\dimen127
\g_tmpb_dim=\dimen128
\c_zero_skip=\skip55
\c_max_skip=\skip56
\l_tmpa_skip=\skip57
\l_tmpb_skip=\skip58
\g_tmpa_skip=\skip59
\g_tmpb_skip=\skip60
\c_zero_muskip=\muskip11
\c_max_muskip=\muskip12
\l_tmpa_muskip=\muskip13
\l_tmpb_muskip=\muskip14
\g_tmpa_muskip=\muskip15
\g_tmpb_muskip=\muskip16
\l_keys_choice_int=\count115
\l__intarray_loop_int=\count116
\c__intarray_sp_dim=\dimen129
\g__intarray_font_int=\count117
\c__fp_leading_shift_int=\count118
\c__fp_middle_shift_int=\count119
\c__fp_trailing_shift_int=\count120
\c__fp_big_leading_shift_int=\count121
\c__fp_big_middle_shift_int=\count122
\c__fp_big_trailing_shift_int=\count123
\c__fp_Bigg_leading_shift_int=\count124
\c__fp_Bigg_middle_shift_int=\count125
\c__fp_Bigg_trailing_shift_int=\count126
\g__fp_array_int=\count127
\l__fp_array_loop_int=\count128
\l__sort_length_int=\count129
\l__sort_min_int=\count130
\l__sort_top_int=\count131
\l__sort_max_int=\count132
\l__sort_true_max_int=\count133
\l__sort_block_int=\count134
\l__sort_begin_int=\count135
\l__sort_end_int=\count136
\l__sort_A_int=\count137
\l__sort_B_int=\count138
\l__sort_C_int=\count139
\l__tl_analysis_normal_int=\count140
\l__tl_analysis_index_int=\count141
\l__tl_analysis_nesting_int=\count142
\l__tl_analysis_type_int=\count143
\l__regex_internal_a_int=\count144
\l__regex_internal_b_int=\count145
\l__regex_internal_c_int=\count146
\l__regex_balance_int=\count147
\l__regex_group_level_int=\count148
\l__regex_mode_int=\count149
\c__regex_cs_in_class_mode_int=\count150
\c__regex_cs_mode_int=\count151
\l__regex_catcodes_int=\count152
\l__regex_default_catcodes_int=\count153
\c__regex_catcode_L_int=\count154
\c__regex_catcode_O_int=\count155
\c__regex_catcode_A_int=\count156
\c__regex_all_catcodes_int=\count157
\l__regex_show_lines_int=\count158
\l__regex_min_state_int=\count159
\l__regex_max_state_int=\count160
\l__regex_left_state_int=\count161
\l__regex_right_state_int=\count162
\l__regex_capturing_group_int=\count163
\l__regex_min_pos_int=\count164
\l__regex_max_pos_int=\count165
\l__regex_curr_pos_int=\count166
\l__regex_start_pos_int=\count167
\l__regex_success_pos_int=\count168
\l__regex_curr_char_int=\count169
\l__regex_curr_catcode_int=\count170
\l__regex_last_char_int=\count171
\l__regex_case_changed_char_int=\count172
\l__regex_curr_state_int=\count173
\l__regex_step_int=\count174
\l__regex_min_active_int=\count175
\l__regex_max_active_int=\count176
\l__regex_replacement_csnames_int=\count177
\l__regex_match_count_int=\count178
\l__regex_min_submatch_int=\count179
\l__regex_submatch_int=\count180
\l__regex_zeroth_submatch_int=\count181
\g__regex_trace_regex_int=\count182
\c_empty_box=\box30
\l_tmpa_box=\box31
\l_tmpb_box=\box32
\g_tmpa_box=\box33
\g_tmpb_box=\box34
\l__box_top_dim=\dimen130
\l__box_bottom_dim=\dimen131
\l__box_left_dim=\dimen132
\l__box_right_dim=\dimen133
\l__box_top_new_dim=\dimen134
\l__box_bottom_new_dim=\dimen135
\l__box_left_new_dim=\dimen136
\l__box_right_new_dim=\dimen137
\l__box_internal_box=\box35
\l__coffin_internal_box=\box36
\l__coffin_internal_dim=\dimen138
\l__coffin_offset_x_dim=\dimen139
\l__coffin_offset_y_dim=\dimen140
\l__coffin_x_dim=\dimen141
\l__coffin_y_dim=\dimen142
\l__coffin_x_prime_dim=\dimen143
\l__coffin_y_prime_dim=\dimen144
\c_empty_coffin=\box37
\l__coffin_aligned_coffin=\box38
\l__coffin_aligned_internal_coffin=\box39
\l_tmpa_coffin=\box40
\l_tmpb_coffin=\box41
\l__coffin_display_coffin=\box42
\l__coffin_display_coord_coffin=\box43
\l__coffin_display_pole_coffin=\box44
\l__coffin_display_offset_dim=\dimen145
\l__coffin_display_x_dim=\dimen146
\l__coffin_display_y_dim=\dimen147
\g__file_internal_ior=\read1
\l__coffin_bounding_shift_dim=\dimen148
\l__coffin_left_corner_dim=\dimen149
\l__coffin_right_corner_dim=\dimen150
\l__coffin_bottom_corner_dim=\dimen151
\l__coffin_top_corner_dim=\dimen152
\l__coffin_scaled_total_height_dim=\dimen153
\l__coffin_scaled_width_dim=\dimen154
\l__seq_internal_a_int=\count183
\l__seq_internal_b_int=\count184
)
("C:/Users/Joseph Oertel/AppData/Roaming/MiKTeX/2.9/tex/latex/l3kernel/l3pdfmod
e.def"
File: l3pdfmode.def 2018-10-31 v L3 Experimental driver: PDF mode
\l__driver_color_stack_int=\count185
))
Package: xparse 2018-10-17 L3 Experimental document command parser
\l__xparse_current_arg_int=\count186
\g__xparse_grabber_int=\count187
\l__xparse_m_args_int=\count188
\l__xparse_mandatory_args_int=\count189
\l__xparse_v_nesting_int=\count190
)
Package: fontspec 2017/11/09 v2.6g Font selection for XeLaTeX and LuaLaTeX
Lua module: fontspec 2017/11/09 2.6g Font selection for XeLaTeX and LuaLaTeX ("
C:/Program Files/MiKTeX 2.9/tex/latex/fontspec/fontspec-luatex.sty"
Package: fontspec-luatex 2017/11/09 v2.6g Font selection for XeLaTeX and LuaLaTe
X
\l__fontspec_script_int=\count191
\l__fontspec_language_int=\count192
\l__fontspec_strnum_int=\count193
\l__fontspec_tmp_int=\count194
\l__fontspec_em_int=\count195
\l__fontspec_emdef_int=\count196
\l__fontspec_strong_int=\count197
\l__fontspec_strongdef_int=\count198
\l__fontspec_tmpa_dim=\dimen155
\l__fontspec_tmpb_dim=\dimen156
\l__fontspec_tmpc_dim=\dimen157
("C:/Program Files/MiKTeX 2.9/tex/latex/base/fontenc.sty"
Package: fontenc 2017/04/05 v2.0i Standard LaTeX package

("C:/Program Files/MiKTeX 2.9/tex/latex/base/tuenc.def"
File: tuenc.def 2017/04/05 v2.0i Standard LaTeX file
LaTeX Font Info:    Redeclaring font encoding TU on input line 82.
))
("C:/Program Files/MiKTeX 2.9/tex/latex/fontspec/fontspec.cfg")
LaTeX Info: Redefining \itshape on input line 3625.
LaTeX Info: Redefining \slshape on input line 3630.
LaTeX Info: Redefining \scshape on input line 3635.
LaTeX Info: Redefining \upshape on input line 3640.
LaTeX Info: Redefining \em on input line 3670.
LaTeX Info: Redefining \emph on input line 3695.
(load luc: C:/Users/Joseph Oertel/AppData/Local/MiKTeX/2.9/luatex-cache/generic/
fonts/otl/lmroman12-bold.luc)(load luc: C:/Users/Joseph Oertel/AppData/Local/MiK
TeX/2.9/luatex-cache/generic/fonts/otl/lmroman12-italic.luc)
LaTeX Info: Redefining \- on input line 3749.
))
("C:/Program Files/MiKTeX 2.9/tex/latex/polyglossia/polyglossia.sty"
Package: polyglossia 2018/04/07 v1.43 Alternative to Babel for XeLaTeX and LuaLa
TeX

("C:/Users/Joseph Oertel/AppData/Roaming/MiKTeX/2.9/tex/latex/etoolbox/etoolbox
.sty"
Package: etoolbox 2018/08/19 v2.5f e-TeX tools for LaTeX (JAW)
\etb@tempcnta=\count199
)
("C:/Users/Joseph Oertel/AppData/Roaming/MiKTeX/2.9/tex/latex/makecmds/makecmds
.sty"
Package: makecmds 2009/09/03 v1.0a extra command making commands
) ("C:/Program Files/MiKTeX 2.9/tex/latex/xkeyval/xkeyval.sty"
Package: xkeyval 2014/12/03 v2.7a package option processing (HA)

("C:/Program Files/MiKTeX 2.9/tex/generic/xkeyval/xkeyval.tex"
("C:/Program Files/MiKTeX 2.9/tex/generic/xkeyval/xkvutils.tex"
\XKV@toks=\toks21
\XKV@tempa@toks=\toks22
)
\XKV@depth=\count266
File: xkeyval.tex 2014/12/03 v2.7a key=value parser (HA)
))
("C:/Program Files/MiKTeX 2.9/tex/generic/oberdiek/ifluatex.sty"
Package: ifluatex 2016/05/16 v1.4 Provides the ifluatex switch (HO)
Package ifluatex Info: LuaTeX detected.
)
("C:/Program Files/MiKTeX 2.9/tex/generic/ifxetex/ifxetex.sty"
Package: ifxetex 2010/09/12 v0.6 Provides ifxetex conditional
)
("C:/Program Files/MiKTeX 2.9/tex/luatex/luatexbase/luatexbase.sty"
Package: luatexbase 2015/10/04 v1.3 luatexbase interface to LuaTeX 

("C:/Users/Joseph Oertel/AppData/Roaming/MiKTeX/2.9/tex/luatex/ctablestack/ctab
lestack.sty"
Package: ctablestack 2015/10/01 v1.0 Catcode table stable support
\@catcodetablestackcnt=\count267
)
\CatcodeTableOther=\catcodetable6
\CatcodeTableExpl=\catcodetable7
)
luatex-hyphen: using data file: C:/ProgramData/MiKTeX/2.9/tex/generic/config/lan
guage.dat.lua
Lua module: polyglossia 2013/05/11 1.3 Polyglossia)
("C:/Users/Joseph Oertel/AppData/Roaming/MiKTeX/2.9/tex/latex/setspace/setspace
.sty"
Package: setspace 2011/12/19 v6.7a set line spacing
)
("C:/Users/Joseph Oertel/AppData/Roaming/MiKTeX/2.9/tex/latex/enumitem/enumitem
.sty"
Package: enumitem 2011/09/28 v3.5.2 Customized lists
\labelindent=\skip61
\enit@outerparindent=\dimen158
\enit@toks=\toks23
\enit@inbox=\box45
\enitdp@description=\count268
)
("C:/Users/Joseph Oertel/AppData/Roaming/MiKTeX/2.9/tex/latex/changepage/change
page.sty"
Package: changepage 2009/10/20 v1.0c check page and change page layout
\c@cp@cntr=\count269
\cp@tempcnt=\count270
)
("C:/Users/Joseph Oertel/AppData/Roaming/MiKTeX/2.9/tex/latex/lipsum/lipsum.sty
"
Package: lipsum 2018/11/07 v2.0 150 paragraphs of Lorem Ipsum dummy text
)
("C:/Users/Joseph Oertel/AppData/Roaming/MiKTeX/2.9/tex/latex/koma-script/screx
tend.sty"
Package: scrextend 2018/03/30 v3.25 KOMA-Script package (extend other classes wi
th features of KOMA-Script classes)

("C:/Users/Joseph Oertel/AppData/Roaming/MiKTeX/2.9/tex/latex/koma-script/scrkb
ase.sty"
Package: scrkbase 2018/03/30 v3.25 KOMA-Script package (KOMA-Script-dependent ba
sics and keyval usage)

("C:/Users/Joseph Oertel/AppData/Roaming/MiKTeX/2.9/tex/latex/koma-script/scrba
se.sty"
Package: scrbase 2018/03/30 v3.25 KOMA-Script package (KOMA-Script-independent b
asics and keyval usage)

("C:/Users/Joseph Oertel/AppData/Roaming/MiKTeX/2.9/tex/latex/koma-script/scrlf
ile.sty"
Package: scrlfile 2018/03/30 v3.25 KOMA-Script package (loading files)
))))
("C:/Users/Joseph Oertel/AppData/Roaming/MiKTeX/2.9/tex/latex/booktabs/booktabs
.sty"
Package: booktabs 2005/04/14 v1.61803 publication quality tables
\heavyrulewidth=\dimen159
\lightrulewidth=\dimen160
\cmidrulewidth=\dimen161
\belowrulesep=\dimen162
\belowbottomsep=\dimen163
\aboverulesep=\dimen164
\abovetopsep=\dimen165
\cmidrulesep=\dimen166
\cmidrulekern=\dimen167
\defaultaddspace=\dimen168
\@cmidla=\count271
\@cmidlb=\count272
\@aboverulesep=\dimen169
\@belowrulesep=\dimen170
\@thisruleclass=\count273
\@lastruleclass=\count274
\@thisrulewidth=\dimen171
)
("C:/Users/Joseph Oertel/AppData/Roaming/MiKTeX/2.9/tex/latex/subfigure/subfigu
re.sty"
Package: subfigure 2002/07/30 v2.1.4 subfigure package
\subfigtopskip=\skip62
\subfigcapskip=\skip63
\subfigcaptopadj=\dimen172
\subfigbottomskip=\skip64
\subfigcapmargin=\dimen173
\subfiglabelskip=\skip65
\c@subfigure=\count275
\c@lofdepth=\count276
\c@subtable=\count277
\c@lotdepth=\count278

****************************************
* Local config file subfigure.cfg used *
****************************************

("C:/Users/Joseph Oertel/AppData/Roaming/MiKTeX/2.9/tex/latex/subfigure/subfigu
re.cfg")
\subfig@top=\skip66
\subfig@bottom=\skip67
) ("C:/Program Files/MiKTeX 2.9/tex/latex/tools/longtable.sty"
Package: longtable 2014/10/28 v4.11 Multi-page Table package (DPC)
\LTleft=\skip68
\LTright=\skip69
\LTpre=\skip70
\LTpost=\skip71
\LTchunksize=\count279
\LTcapwidth=\dimen174
\LT@head=\box46
\LT@firsthead=\box47
\LT@foot=\box48
\LT@lastfoot=\box49
\LT@cols=\count280
\LT@rows=\count281
\c@LT@tables=\count282
\c@LT@chunks=\count283
\LT@p@ftn=\toks24
)
("C:/Program Files/MiKTeX 2.9/tex/latex/carlisle/ltxtable.sty"
Package: ltxtable 1995/12/11 v0.2 longtable/tabularx merge (DPC)

("C:/Program Files/MiKTeX 2.9/tex/latex/tools/tabularx.sty"
Package: tabularx 2016/02/03 v2.11b `tabularx' package (DPC)
\TX@col@width=\dimen175
\TX@old@table=\dimen176
\TX@old@col=\dimen177
\TX@target=\dimen178
\TX@delta=\dimen179
\TX@cols=\count284
\TX@ftn=\toks25
))
("C:/Program Files/MiKTeX 2.9/tex/latex/float/float.sty"
Package: float 2001/11/08 v1.3d Float enhancements (AL)
\c@float@type=\count285
\float@exts=\toks26
\float@box=\box50
\@float@everytoks=\toks27
\@floatcapt=\box51
)
("C:/Users/Joseph Oertel/AppData/Roaming/MiKTeX/2.9/tex/latex/titling/titling.s
ty"
Package: titling 2009/09/04 v2.1d maketitle typesetting
\thanksmarkwidth=\skip72
\thanksmargin=\skip73
\droptitle=\skip74
) ("C:/Users/Joseph Oertel/AppData/Roaming/MiKTeX/2.9/tex/latex/soul/soul.sty"
Package: soul 2003/11/17 v2.4 letterspacing/underlining (mf)
\SOUL@word=\toks28
\SOUL@lasttoken=\toks29
\SOUL@cmds=\toks30
\SOUL@buffer=\toks31
\SOUL@token=\toks32
\SOUL@spaceskip=\skip75
\SOUL@ttwidth=\dimen180
\SOUL@uldp=\dimen181
\SOUL@ulht=\dimen182
) (./btspeeches_manuscript.aux)
\openout1 = btspeeches_manuscript.aux

LaTeX Font Info:    Checking defaults for OML/cmm/m/it on input line 103.
LaTeX Font Info:    ... okay on input line 103.
LaTeX Font Info:    Checking defaults for T1/cmr/m/n on input line 103.
LaTeX Font Info:    ... okay on input line 103.
LaTeX Font Info:    Checking defaults for OT1/cmr/m/n on input line 103.
LaTeX Font Info:    ... okay on input line 103.
LaTeX Font Info:    Checking defaults for OMS/cmsy/m/n on input line 103.
LaTeX Font Info:    ... okay on input line 103.
LaTeX Font Info:    Checking defaults for TU/lmr/m/n on input line 103.
LaTeX Font Info:    ... okay on input line 103.
LaTeX Font Info:    Checking defaults for OMX/cmex/m/n on input line 103.
LaTeX Font Info:    ... okay on input line 103.
LaTeX Font Info:    Checking defaults for U/cmr/m/n on input line 103.
LaTeX Font Info:    ... okay on input line 103.

("C:/Users/Joseph Oertel/AppData/Roaming/MiKTeX/2.9/tex/context/base/supp-pdf.m
kii"
[Loading MPS to PDF converter (version 2006.09.02).]
\scratchcounter=\count286
\scratchdimen=\dimen183
\scratchbox=\box52
\nofMPsegments=\count287
\nofMParguments=\count288
\everyMPshowfont=\toks33
\MPscratchCnt=\count289
\MPscratchDim=\dimen184
\MPnumerator=\count290
\makeMPintoPDFobject=\count291
\everyMPtoPDFconversion=\toks34
) ("C:/Program Files/MiKTeX 2.9/tex/latex/oberdiek/epstopdf-base.sty"
Package: epstopdf-base 2016/05/15 v2.6 Base part for package epstopdf

("C:/Program Files/MiKTeX 2.9/tex/generic/oberdiek/infwarerr.sty"
Package: infwarerr 2016/05/16 v1.4 Providing info/warning/error messages (HO)
)
("C:/Program Files/MiKTeX 2.9/tex/latex/oberdiek/grfext.sty"
Package: grfext 2016/05/16 v1.2 Manage graphics extensions (HO)

("C:/Program Files/MiKTeX 2.9/tex/generic/oberdiek/kvdefinekeys.sty"
Package: kvdefinekeys 2016/05/16 v1.4 Define keys (HO)

("C:/Program Files/MiKTeX 2.9/tex/generic/oberdiek/ltxcmds.sty"
Package: ltxcmds 2016/05/16 v1.23 LaTeX kernel commands for general use (HO)
)))
("C:/Program Files/MiKTeX 2.9/tex/latex/oberdiek/kvoptions.sty"
Package: kvoptions 2016/05/16 v3.12 Key value format for package options (HO)

("C:/Program Files/MiKTeX 2.9/tex/generic/oberdiek/kvsetkeys.sty"
Package: kvsetkeys 2016/05/16 v1.17 Key value parser (HO)

("C:/Program Files/MiKTeX 2.9/tex/generic/oberdiek/etexcmds.sty"
Package: etexcmds 2016/05/16 v1.6 Avoid name clashes with e-TeX commands (HO)
)))
("C:/Program Files/MiKTeX 2.9/tex/generic/oberdiek/pdftexcmds.sty"
Package: pdftexcmds 2018/01/30 v0.27 Utility functions of pdfTeX for LuaTeX (HO)


("C:/Program Files/MiKTeX 2.9/tex/generic/oberdiek/ifpdf.sty"
Package: ifpdf 2017/03/15 v3.2 Provides the ifpdf switch
)
Package pdftexcmds Info: \pdf@primitive is available.
Package pdftexcmds Info: \pdf@ifprimitive is available.
Package pdftexcmds Info: \pdfdraftmode found.
\pdftexcmds@toks=\toks35
)
Package epstopdf-base Info: Redefining graphics rule for `.eps' on input line 43
8.
Package grfext Info: Graphics extension search list:
(grfext)             [.pdf,.png,.jpg,.mps,.jpeg,.jbig2,.jb2,.PDF,.PNG,.JPG,.JPEG
,.JBIG2,.JB2,.eps]
(grfext)             \AppendGraphicsExtensions on input line 456.
)
Package caption Info: Begin \AtBeginDocument code.
Package caption Info: float package is loaded.
Package caption Info: longtable package is loaded.

("C:/Users/Joseph Oertel/AppData/Roaming/MiKTeX/2.9/tex/latex/caption/ltcaption
.sty"
Package: ltcaption 2018/08/26 v1.4-95 longtable captions (AR)
)
Package caption Info: subfigure package is loaded.
Package caption Info: End \AtBeginDocument code.
\c@maskedRefs=\count292

("C:/Users/Joseph Oertel/AppData/Roaming/MiKTeX/2.9/tex/latex/apacite/english.a
pc"
File: english.apc 2013/07/21 v6.03 apacite language file
LaTeX Info: Redefining \BPBI on input line 129.
LaTeX Info: Redefining \BHBI on input line 130.
)

Package fontspec Info: Adjusting the maths setup (use [no-math] to avoid
(fontspec)             this).

\symlegacymaths=\mathgroup9
LaTeX Font Info:    Overwriting symbol font `legacymaths' in version `bold'
(Font)                  OT1/cmr/m/n --> OT1/cmr/bx/n on input line 103.
LaTeX Font Info:    Redeclaring math accent \acute on input line 103.
LaTeX Font Info:    Redeclaring math accent \grave on input line 103.
LaTeX Font Info:    Redeclaring math accent \ddot on input line 103.
LaTeX Font Info:    Redeclaring math accent \tilde on input line 103.
LaTeX Font Info:    Redeclaring math accent \bar on input line 103.
LaTeX Font Info:    Redeclaring math accent \breve on input line 103.
LaTeX Font Info:    Redeclaring math accent \check on input line 103.
LaTeX Font Info:    Redeclaring math accent \hat on input line 103.
LaTeX Font Info:    Redeclaring math accent \dot on input line 103.
LaTeX Font Info:    Redeclaring math accent \mathring on input line 103.
LaTeX Font Info:    Redeclaring math symbol \Gamma on input line 103.
LaTeX Font Info:    Redeclaring math symbol \Delta on input line 103.
LaTeX Font Info:    Redeclaring math symbol \Theta on input line 103.
LaTeX Font Info:    Redeclaring math symbol \Lambda on input line 103.
LaTeX Font Info:    Redeclaring math symbol \Xi on input line 103.
LaTeX Font Info:    Redeclaring math symbol \Pi on input line 103.
LaTeX Font Info:    Redeclaring math symbol \Sigma on input line 103.
LaTeX Font Info:    Redeclaring math symbol \Upsilon on input line 103.
LaTeX Font Info:    Redeclaring math symbol \Phi on input line 103.
LaTeX Font Info:    Redeclaring math symbol \Psi on input line 103.
LaTeX Font Info:    Redeclaring math symbol \Omega on input line 103.
LaTeX Font Info:    Redeclaring math symbol \mathdollar on input line 103.
LaTeX Font Info:    Redeclaring symbol font `operators' on input line 103.
LaTeX Font Info:    Encoding `OT1' has changed to `TU' for symbol font
(Font)              `operators' in the math version `normal' on input line 103.
LaTeX Font Info:    Overwriting symbol font `operators' in version `normal'
(Font)                  OT1/cmr/m/n --> TU/lmr/m/n on input line 103.
LaTeX Font Info:    Encoding `OT1' has changed to `TU' for symbol font
(Font)              `operators' in the math version `bold' on input line 103.
LaTeX Font Info:    Overwriting symbol font `operators' in version `bold'
(Font)                  OT1/cmr/bx/n --> TU/lmr/m/n on input line 103.
LaTeX Font Info:    Overwriting symbol font `operators' in version `normal'
(Font)                  TU/lmr/m/n --> TU/lmr/m/n on input line 103.
LaTeX Font Info:    Overwriting math alphabet `\mathit' in version `normal'
(Font)                  OT1/cmr/m/it --> TU/lmr/m/it on input line 103.
LaTeX Font Info:    Overwriting math alphabet `\mathbf' in version `normal'
(Font)                  OT1/cmr/bx/n --> TU/lmr/bx/n on input line 103.
LaTeX Font Info:    Overwriting math alphabet `\mathsf' in version `normal'
(Font)                  OT1/cmss/m/n --> TU/lmss/m/n on input line 103.
LaTeX Font Info:    Overwriting math alphabet `\mathtt' in version `normal'
(Font)                  OT1/cmtt/m/n --> TU/lmtt/m/n on input line 103.
LaTeX Font Info:    Overwriting symbol font `operators' in version `bold'
(Font)                  TU/lmr/m/n --> TU/lmr/bx/n on input line 103.
LaTeX Font Info:    Overwriting math alphabet `\mathit' in version `bold'
(Font)                  OT1/cmr/bx/it --> TU/lmr/bx/it on input line 103.
LaTeX Font Info:    Overwriting math alphabet `\mathsf' in version `bold'
(Font)                  OT1/cmss/bx/n --> TU/lmss/bx/n on input line 103.
LaTeX Font Info:    Overwriting math alphabet `\mathtt' in version `bold'
(Font)                  OT1/cmtt/m/n --> TU/lmtt/bx/n on input line 103.
(load luc: C:/Users/Joseph Oertel/AppData/Local/MiKTeX/2.9/luatex-cache/generic/
fonts/otl/lmroman17-regular.luc)(load luc: C:/Users/Joseph Oertel/AppData/Local/
MiKTeX/2.9/luatex-cache/generic/fonts/otl/lmroman10-regular.luc)(load luc: C:/Us
ers/Joseph Oertel/AppData/Local/MiKTeX/2.9/luatex-cache/generic/fonts/otl/lmroma
n7-regular.luc)
LaTeX Font Info:    Try loading font information for U+msa on input line 105.
 ("C:/Program Files/MiKTeX 2.9/tex/latex/amsfonts/umsa.fd"
File: umsa.fd 2013/01/14 v3.01 AMS symbols A
)
LaTeX Font Info:    Try loading font information for U+msb on input line 105.
 ("C:/Program Files/MiKTeX 2.9/tex/latex/amsfonts/umsb.fd"
File: umsb.fd 2013/01/14 v3.01 AMS symbols B
)(load luc: C:/Users/Joseph Oertel/AppData/Local/MiKTeX/2.9/luatex-cache/generic
/fonts/otl/lmroman5-regular.luc) (./abstract.tex(load luc: C:/Users/Joseph Oerte
l/AppData/Local/MiKTeX/2.9/luatex-cache/generic/fonts/otl/lmroman10-bold.luc)(lo
ad luc: C:/Users/Joseph Oertel/AppData/Local/MiKTeX/2.9/luatex-cache/generic/fon
ts/otl/lmroman10-italic.luc)) [1

{C:/Users/Joseph Oertel/AppData/Local/MiKTeX/2.9/pdftex/config/pdftex.map}] (./
general_thoughts.tex [2

]) (./introduction.tex
Underfull \hbox (badness 10000) in paragraph at lines 3--4

 []

[3]) (./literature.tex [4]) (./theory.tex [5]) (./methodology.tex(load luc: C:/U
sers/Joseph Oertel/AppData/Local/MiKTeX/2.9/luatex-cache/generic/fonts/otl/lmrom
an8-regular.luc)(load luc: C:/Users/Joseph Oertel/AppData/Local/MiKTeX/2.9/luate
x-cache/generic/fonts/otl/lmroman6-regular.luc)(load luc: C:/Users/Joseph Oertel
/AppData/Local/MiKTeX/2.9/luatex-cache/generic/fonts/otl/lmmono12-regular.luc)
Overfull \hbox (18.46443pt too wide) in paragraph at lines 7--7
[]\TU/lmtt/m/n/12 str_split(text, paste0(c("(?<=.)(?=(",namenregex,")(?=(:| (\\
(.{1,40}\\):))))")[] 
 []

<Grafiken/Head_Reden.PNG, id=24, 958.17975pt x 234.8775pt>
File: Grafiken/Head_Reden.PNG Graphic file (type png)
<use Grafiken/Head_Reden.PNG>
Package luatex.def Info: Grafiken/Head_Reden.PNG  used on input line 8.
(luatex.def)             Requested size: 469.75499pt x 115.1519pt.

Underfull \hbox (badness 10000) in paragraph at lines 8--10

 []

<Grafiken/Head_Stichprobe.PNG, id=25, 826.88925pt x 126.4725pt>
File: Grafiken/Head_Stichprobe.PNG Graphic file (type png)
<use Grafiken/Head_Stichprobe.PNG>
Package luatex.def Info: Grafiken/Head_Stichprobe.PNG  used on input line 13.
(luatex.def)             Requested size: 469.75499pt x 71.84883pt.

Underfull \hbox (badness 10000) in paragraph at lines 12--14

 []

[6<./Grafiken/Head_Reden.PNG>] [7<./Grafiken/Head_Stichprobe.PNG>])
(./results.tex
Overfull \hbox (51.64528pt too wide) in paragraph at lines 10--34
 [][] 
 []


Underfull \hbox (badness 10000) in paragraph at lines 39--40

 []

<Grafiken/13_17WerfürWen.png, id=36, 534.3162pt x 340.8735pt>
File: Grafiken/13_17WerfürWen.png Graphic file (type png)
<use Grafiken/13_17WerfürWen.png>
Package luatex.def Info: Grafiken/13_17WerfürWen.png  used on input line 41.
(luatex.def)             Requested size: 469.75499pt x 299.68352pt.
<Grafiken/13_17WerfürWen_prozent.png, id=37, 534.3162pt x 340.8735pt>
File: Grafiken/13_17WerfürWen_prozent.png Graphic file (type png)
<use Grafiken/13_17WerfürWen_prozent.png>
Package luatex.def Info: Grafiken/13_17WerfürWen_prozent.png  used on input lin
e 42.
(luatex.def)             Requested size: 469.75499pt x 299.68352pt.

Overfull \hbox (18.0pt too wide) in paragraph at lines 41--45
[][] 
 []

[8] [9<./Grafiken/13_17WerfürWen.png><./Grafiken/13_17WerfürWen_prozent.png>]

Underfull \hbox (badness 10000) in paragraph at lines 46--47

 []

<Grafiken/17_eigenklatschanteil.png, id=46, 534.3162pt x 340.8735pt>
File: Grafiken/17_eigenklatschanteil.png Graphic file (type png)
<use Grafiken/17_eigenklatschanteil.png>
Package luatex.def Info: Grafiken/17_eigenklatschanteil.png  used on input line 
48.
(luatex.def)             Requested size: 469.75499pt x 299.68352pt.

Overfull \hbox (18.0pt too wide) in paragraph at lines 48--49
[][] 
 []


Underfull \hbox (badness 10000) in paragraph at lines 50--51

 []

[10<./Grafiken/17_eigenklatschanteil.png>]
<Grafiken/13_17Zeitverlauf_Klatschen.png, id=51, 534.3162pt x 340.8735pt>
File: Grafiken/13_17Zeitverlauf_Klatschen.png Graphic file (type png)
<use Grafiken/13_17Zeitverlauf_Klatschen.png>
Package luatex.def Info: Grafiken/13_17Zeitverlauf_Klatschen.png  used on input 
line 52.
(luatex.def)             Requested size: 469.75499pt x 299.68352pt.

Overfull \hbox (18.0pt too wide) in paragraph at lines 52--53
[][] 
 []


Underfull \hbox (badness 10000) in paragraph at lines 52--53

 []


Underfull \hbox (badness 10000) in paragraph at lines 55--56

 []

<Grafiken/Geschlossenheit13.png, id=52, 534.3162pt x 340.8735pt>
File: Grafiken/Geschlossenheit13.png Graphic file (type png)
<use Grafiken/Geschlossenheit13.png>
Package luatex.def Info: Grafiken/Geschlossenheit13.png  used on input line 57.
(luatex.def)             Requested size: 469.75499pt x 299.68352pt.
<Grafiken/Geschlossenheit17.png, id=53, 534.3162pt x 340.8735pt>
File: Grafiken/Geschlossenheit17.png Graphic file (type png)
<use Grafiken/Geschlossenheit17.png>
Package luatex.def Info: Grafiken/Geschlossenheit17.png  used on input line 58.
(luatex.def)             Requested size: 469.75499pt x 299.68352pt.

Overfull \hbox (18.0pt too wide) in paragraph at lines 57--59
[][]
 []


Underfull \hbox (badness 10000) in paragraph at lines 57--59

 []

[11<./Grafiken/13_17Zeitverlauf_Klatschen.png>] [12<./Grafiken/Geschlossenheit13
.png><./Grafiken/Geschlossenheit17.png>]
Underfull \hbox (badness 10000) in paragraph at lines 63--64

 []

<Grafiken/17_HäufigsteWörter.png, id=64, 848.2089pt x 522.9939pt>
File: Grafiken/17_HäufigsteWörter.png Graphic file (type png)
<use Grafiken/17_HäufigsteWörter.png>
Package luatex.def Info: Grafiken/17_HäufigsteWörter.png  used on input line 6
5.
(luatex.def)             Requested size: 469.75499pt x 289.65056pt.

Overfull \hbox (18.0pt too wide) in paragraph at lines 65--66
[][] 
 []


Underfull \hbox (badness 10000) in paragraph at lines 65--66

 []

[13<./Grafiken/17_HäufigsteWörter.png>]
<Grafiken/13_17negativ_perc_bunt.png, id=69, 2597.20313pt x 1702.86188pt>
File: Grafiken/13_17negativ_perc_bunt.png Graphic file (type png)
<use Grafiken/13_17negativ_perc_bunt.png>
Package luatex.def Info: Grafiken/13_17negativ_perc_bunt.png  used on input line
 75.
(luatex.def)             Requested size: 469.75499pt x 307.98297pt.

Overfull \hbox (18.0pt too wide) in paragraph at lines 75--76
[][] 
 []


Underfull \hbox (badness 10000) in paragraph at lines 75--76

 []


Underfull \hbox (badness 10000) in paragraph at lines 87--90

 []


Overfull \hbox (24.79999pt too wide) in paragraph at lines 91--92
[][] 
 []


Underfull \hbox (badness 10000) in paragraph at lines 91--92

 []

[14<./Grafiken/13_17negativ_perc_bunt.png>]
<Grafiken/Readability_line.png, id=77, 848.2089pt x 522.9939pt>
File: Grafiken/Readability_line.png Graphic file (type png)
<use Grafiken/Readability_line.png>
Package luatex.def Info: Grafiken/Readability_line.png  used on input line 114.
(luatex.def)             Requested size: 469.75499pt x 289.65056pt.

Overfull \hbox (18.0pt too wide) in paragraph at lines 114--115
[][] 
 []


Underfull \hbox (badness 10000) in paragraph at lines 114--115

 []


Underfull \hbox (badness 10000) in paragraph at lines 116--119

 []

[15<./Grafiken/Readability_line.png>] [16]
<Grafiken/Inhalt09.png, id=85, 392.9079pt x 539.616pt>
File: Grafiken/Inhalt09.png Graphic file (type png)
<use Grafiken/Inhalt09.png>
Package luatex.def Info: Grafiken/Inhalt09.png  used on input line 126.
(luatex.def)             Requested size: 136.22578pt x 187.0899pt.
<Grafiken/Inhalt13.png, id=86, 392.9079pt x 539.616pt>
File: Grafiken/Inhalt13.png Graphic file (type png)
<use Grafiken/Inhalt13.png>
Package luatex.def Info: Grafiken/Inhalt13.png  used on input line 127.
(luatex.def)             Requested size: 136.22578pt x 187.0899pt.
<Grafiken/Inhalt14.png, id=87, 392.9079pt x 539.616pt>
File: Grafiken/Inhalt14.png Graphic file (type png)
<use Grafiken/Inhalt14.png>
Package luatex.def Info: Grafiken/Inhalt14.png  used on input line 128.
(luatex.def)             Requested size: 136.22578pt x 187.0899pt.

Overfull \hbox (5.50923pt too wide) in paragraph at lines 134--135
\TU/lmr/m/n/12 Jeder Tage-sor-d-nungspunkt der Stich-probe wurde kodiert mit ei
nem oder mehreren In-haltsvari-
 []


Underfull \hbox (badness 10000) in paragraph at lines 134--135

 []

<Grafiken/distop.png, id=88, 534.3162pt x 341.5962pt>
File: Grafiken/distop.png Graphic file (type png)
<use Grafiken/distop.png>
Package luatex.def Info: Grafiken/distop.png  used on input line 136.
(luatex.def)             Requested size: 469.75499pt x 300.3189pt.

Overfull \hbox (18.0pt too wide) in paragraph at lines 136--137
[][] 
 []


Underfull \hbox (badness 10000) in paragraph at lines 136--137

 []

[17<./Grafiken/Inhalt09.png><./Grafiken/Inhalt13.png><./Grafiken/Inhalt14.png>]

Underfull \hbox (badness 10000) in paragraph at lines 141--142

 []

<Grafiken/Sentimentscore.png, id=95, 586.5915pt x 281.853pt>
File: Grafiken/Sentimentscore.png Graphic file (type png)
<use Grafiken/Sentimentscore.png>
Package luatex.def Info: Grafiken/Sentimentscore.png  used on input line 143.
(luatex.def)             Requested size: 469.75499pt x 225.72354pt.

Overfull \hbox (18.0pt too wide) in paragraph at lines 143--145
[][] 
 []


Underfull \hbox (badness 10000) in paragraph at lines 143--145

 []


Underfull \hbox (badness 10000) in paragraph at lines 143--145

 []

[18<./Grafiken/distop.png>]) (./discussion.tex) [19<./Grafiken/Sentimentscore.pn
g>] (./btspeeches_manuscript.bbl) [20] (./btspeeches_manuscript.lot)
\tf@lot=\write3

\openout3 = btspeeches_manuscript.lot

(./btspeeches_manuscript.lof)
\tf@lof=\write4

\openout4 = btspeeches_manuscript.lof
 (./appendix.tex) [21]
(./btspeeches_manuscript.aux))

Here is how much of LuaTeX's memory you used:
 18309 strings out of 494412
 100000,794899 words of node,token memory allocated
 628 words of node memory still in use:
   7 hlist, 2 vlist, 2 rule, 6 glue, 1 kern, 1 glyph, 12 attribute, 72 glue_spec
, 12 attribute_list, 1 write nodes
   avail lists: 1:2,2:691,3:45,4:20,5:143,6:14,7:2467,8:34,9:208,10:11,11:121
 21768 multiletter control sequences out of 65536+200000
 105 fonts using 11642927 bytes
 49i,11n,77p,1020b,443s stack positions out of 5000i,500n,10000p,200000b,50000s
<c:/program files/miktex 2.9/fonts/opentype/public/lm/lmroman12-italic.otf><c:/p
rogram files/miktex 2.9/fonts/opentype/public/lm/lmmono12-regular.otf><c:/progra
m files/miktex 2.9/fonts/opentype/public/lm/lmroman8-regular.otf><c:/program fil
es/miktex 2.9/fonts/opentype/public/lm/lmroman7-regular.otf><c:/program files/mi
ktex 2.9/fonts/opentype/public/lm/lmroman10-italic.otf><c:/program files/miktex 
2.9/fonts/opentype/public/lm/lmroman10-bold.otf><c:/program files/miktex 2.9/fon
ts/opentype/public/lm/lmroman12-bold.otf><c:/program files/miktex 2.9/fonts/open
type/public/lm/lmroman10-regular.otf><c:/program files/miktex 2.9/fonts/opentype
/public/lm/lmroman12-regular.otf><c:/program files/miktex 2.9/fonts/opentype/pub
lic/lm/lmroman17-regular.otf><C:/Program Files/MiKTeX 2.9/fonts/type1/public/ams
fonts/cm/cmmi12.pfb><C:/Program Files/MiKTeX 2.9/fonts/type1/public/amsfonts/cm/
cmmi8.pfb><C:/Program Files/MiKTeX 2.9/fonts/type1/public/amsfonts/cm/cmr12.pfb>
<C:/Program Files/MiKTeX 2.9/fonts/type1/public/amsfonts/cm/cmsy10.pfb>
Output written on btspeeches_manuscript.pdf (21 pages, 2358440 bytes).

PDF statistics: 185 PDF objects out of 1000 (max. 8388607)
 0 named destinations out of 1000 (max. 131072)
 1 words of extra memory for PDF output out of 10000 (max. 100000000)

